<?xml version="1.0" encoding="UTF-8"?>
<!-- Generated by org.testng.reporters.JUnitReportReporter -->
<testsuite skipped="0" hostname="joliedeMacBook-Air.local" name="testtest.testtest.NewTest" tests="1" failures="0" timestamp="2020-03-21T18:32:44 CST" time="28.510" errors="0">
  <testcase name="f" time="28.510" classname="testtest.testtest.NewTest"/>
  <system-out/>
</testsuite> <!-- testtest.testtest.NewTest -->
